

Microchip MPLAB XC8 Assembler V2.32 build 20210201212658 
                                                                                                           Tue Dec 14 16:50:43 2021


     1                           	processor	18F47K40
     2                           	pagewidth 132
     3                           	psect	const,global,reloc=2,class=CONST,delta=1,noexec
     4                           	psect	smallconst,global,reloc=2,class=SMALLCONST,delta=1,noexec
     5                           	psect	mediumconst,global,reloc=2,class=MEDIUMCONST,delta=1,noexec
     6                           	psect	rbss,global,class=COMRAM,space=1,delta=1,noexec
     7                           	psect	bss,global,class=RAM,space=1,delta=1,noexec
     8                           	psect	rdata,global,class=COMRAM,space=1,delta=1,noexec
     9                           	psect	irdata,global,reloc=2,class=CODE,delta=1,noexec
    10                           	psect	data,global,class=RAM,space=1,delta=1,noexec
    11                           	psect	idata,global,reloc=2,class=CODE,delta=1,noexec
    12                           	psect	nvrram,global,class=COMRAM,space=1,delta=1,noexec
    13                           	psect	nvbit,global,bit,class=COMRAM,space=1,delta=1,noexec
    14                           	psect	temp,global,ovrld,class=COMRAM,space=1,delta=1,noexec
    15                           	psect	struct,global,ovrld,class=COMRAM,space=1,delta=1,noexec
    16                           	psect	rbit,global,bit,class=COMRAM,space=1,delta=1,noexec
    17                           	psect	bigbss,global,class=BIGRAM,space=1,delta=1,noexec
    18                           	psect	bigdata,global,class=BIGRAM,space=1,delta=1,noexec
    19                           	psect	ibigdata,global,reloc=2,class=CODE,delta=1,noexec
    20                           	psect	farbss,global,reloc=2,class=FARRAM,delta=1,noexec
    21                           	psect	nvFARRAM,global,reloc=2,class=FARRAM,delta=1,noexec
    22                           	psect	fardata,global,reloc=2,class=FARRAM,delta=1,noexec
    23                           	psect	ifardata,global,reloc=2,class=CODE,delta=1,noexec
    24                           	psect	reset_vec,global,reloc=2,class=CODE,delta=1
    25                           	psect	powerup,global,reloc=2,class=CODE,delta=1
    26                           	psect	init,global,reloc=2,class=CODE,delta=1
    27                           	psect	text,global,reloc=2,class=CODE,delta=1
    28                           	psect	clrtext,global,reloc=2,class=CODE,delta=1
    29                           	psect	config,global,class=CONFIG,space=4,delta=1,noexec
    30                           	psect	idloc,global,class=IDLOC,space=5,delta=1,noexec
    31                           	psect	intcode,global,reloc=2,class=CODE,delta=1
    32                           	psect	intcode_body,global,reloc=2,class=CODE,delta=1
    33                           	psect	intcodelo,global,reloc=2,class=CODE,delta=1
    34                           	psect	intret,global,reloc=2,class=CODE,delta=1
    35                           	psect	intentry,global,reloc=2,class=CODE,delta=1
    36                           	psect	intsave_regs,global,class=BIGRAM,space=1,delta=1
    37                           	psect	eeprom_data,global,class=EEDATA,delta=1,noexec
    38                           	psect	ramtop,global,class=RAM,delta=1,noexec
    39                           	psect	stack,global,class=STACK,space=2,delta=1,noexec
    40                           	psect	comram,global,class=COMRAM,space=1,delta=1
    41                           	psect	abs1,global,class=ABS1,space=1,delta=1
    42                           	psect	bigram,global,class=BIGRAM,space=1,delta=1
    43                           	psect	ram,global,class=RAM,space=1,delta=1
    44                           	psect	bank0,global,class=BANK0,space=1,delta=1
    45                           	psect	bank1,global,class=BANK1,space=1,delta=1
    46                           	psect	bank2,global,class=BANK2,space=1,delta=1
    47                           	psect	bank3,global,class=BANK3,space=1,delta=1
    48                           	psect	bank4,global,class=BANK4,space=1,delta=1
    49                           	psect	bank5,global,class=BANK5,space=1,delta=1
    50                           	psect	bank6,global,class=BANK6,space=1,delta=1
    51                           	psect	bank7,global,class=BANK7,space=1,delta=1
    52                           	psect	bank8,global,class=BANK8,space=1,delta=1
    53                           	psect	bank9,global,class=BANK9,space=1,delta=1
    54                           	psect	bank10,global,class=BANK10,space=1,delta=1
    55                           	psect	bank11,global,class=BANK11,space=1,delta=1
    56                           	psect	bank12,global,class=BANK12,space=1,delta=1
    57                           	psect	bank13,global,class=BANK13,space=1,delta=1
    58                           	psect	bank14,global,class=BANK14,space=1,delta=1
    59                           	psect	sfr,global,class=SFR,space=1,delta=1
    60                           
    61                           ; Microchip MPLAB XC8 C Compiler V2.32
    62                           ; Copyright (C) 2021 Microchip Technology Inc.
    63                           ; Auto-generated runtime startup code for final link stage.
    64                           ;
    65                           ; Compiler options:
    66                           ;
    67                           ; --outdir=build src/main.c
    68                           ;
    69  0000                     
    70                           ; Version 2.32
    71                           ; Generated 02/02/2021 GMT
    72                           ; 
    73                           ; Copyright © 2021, Microchip Technology Inc. and its subsidiaries ("Microchip")
    74                           ; All rights reserved.
    75                           ; 
    76                           ; This software is developed by Microchip Technology Inc. and its subsidiaries ("Microchip").
    77                           ; 
    78                           ; Redistribution and use in source and binary forms, with or without modification, are
    79                           ; permitted provided that the following conditions are met:
    80                           ; 
    81                           ;     1. Redistributions of source code must retain the above copyright notice, this list of
    82                           ;        conditions and the following disclaimer.
    83                           ; 
    84                           ;     2. Redistributions in binary form must reproduce the above copyright notice, this list
    85                           ;        of conditions and the following disclaimer in the documentation and/or other
    86                           ;        materials provided with the distribution. Publication is not required when
    87                           ;        this file is used in an embedded application.
    88                           ; 
    89                           ;     3. Microchip's name may not be used to endorse or promote products derived from this
    90                           ;        software without specific prior written permission.
    91                           ; 
    92                           ; THIS SOFTWARE IS PROVIDED BY MICROCHIP "AS IS" AND ANY EXPRESS OR IMPLIED WARRANTIES,
    93                           ; INCLUDING, BUT NOT LIMITED TO, THE IMPLIED WARRANTIES OF MERCHANTABILITY AND FITNESS FOR
    94                           ; PURPOSE ARE DISCLAIMED.  IN NO EVENT SHALL MICROCHIP BE LIABLE FOR ANY DIRECT, INDIRECT,
    95                           ; INCIDENTAL, SPECIAL, EXEMPLARY, OR CONSEQUENTIAL DAMAGES (INCLUDING BUT NOT LIMITED TO
    96                           ; PROCUREMENT OF SUBSTITUTE GOODS OR SERVICES; LOSS OF USE, DATA OR PROFITS; OR BUSINESS
    97                           ; INTERRUPTION) HOWSOEVER CAUSED AND ON ANY THEORY OF LIABILITY, WHETHER IN CONTRACT, STRICT
    98                           ; LIABILITY, OR TORT (INCLUDING NEGLIGENCE OR OTHERWISE) ARISING IN ANY WAY OUT OF THE USE OF
    99                           ; THIS SOFTWARE, EVEN IF ADVISED OF THE POSSIBILITY OF SUCH DAMAGE.
   100                           ; 
   101                           ; 
   102                           ; Code-generator required, PIC18F47K40 Definitions
   103                           ; 
   104                           ; SFR Addresses
   105  0000                     
   106                           	psect	smallconst
   107  000000                     __smallconst:
   108                           	callstack 0
   109                           
   110                           	psect	mediumconst
   111  000000                     __mediumconst:
   112                           	callstack 0	; top of RAM usage
   113                           
   114                           	psect	reset_vec
   115  000000                     
   116                           ; No powerup routine
   117                           ; No interrupt routine
   118  0000                     
   119                           ;Initialize the stack pointer (FSR1)
   120  0000                     
   121                           	psect	init
   122  000000                     start:
   123                           	callstack 0
   124  000000  EFFD  F0FF         	goto	start_initialization	;jump to C runtime clear & initialization
   125                           
   126                           	psect	text
   127  000000                     intlevel0:
   128                           	callstack 0
   129  000000                     intlevel1:
   130                           	callstack 0
   131  000000                     intlevel2:
   132                           	callstack 0
   133  000000                     intlevel3:
   134                           	callstack 0
   135                           
   136                           	psect	ramtop
   137  000F00                     __ramtop:
   138                           	callstack 0
   139                           
   140                           	psect	stack
   141  000000                     ___sp:
   142                           	callstack 0
   143  000000                     ___inthi_sp:
   144                           	callstack 0
   145  000000                     ___intlo_sp:
   146                           	callstack 0
   147                           tosu	equ	0xFFF
   148                           tosh	equ	0xFFE
   149                           tosl	equ	0xFFD
   150                           stkptr	equ	0xFFC
   151                           pclatu	equ	0xFFB
   152                           pclath	equ	0xFFA
   153                           pcl	equ	0xFF9
   154                           tblptru	equ	0xFF8
   155                           tblptrh	equ	0xFF7
   156                           tblptrl	equ	0xFF6
   157                           tablat	equ	0xFF5
   158                           prodh	equ	0xFF4
   159                           prodl	equ	0xFF3
   160                           indf0	equ	0xFEF
   161                           postinc0	equ	0xFEE
   162                           postdec0	equ	0xFED
   163                           preinc0	equ	0xFEC
   164                           plusw0	equ	0xFEB
   165                           fsr0h	equ	0xFEA
   166                           fsr0l	equ	0xFE9
   167                           wreg	equ	0xFE8
   168                           indf1	equ	0xFE7
   169                           postinc1	equ	0xFE6
   170                           postdec1	equ	0xFE5
   171                           preinc1	equ	0xFE4
   172                           plusw1	equ	0xFE3
   173                           fsr1h	equ	0xFE2
   174                           fsr1l	equ	0xFE1
   175                           bsr	equ	0xFE0
   176                           indf2	equ	0xFDF
   177                           postinc2	equ	0xFDE
   178                           postdec2	equ	0xFDD
   179                           preinc2	equ	0xFDC
   180                           plusw2	equ	0xFDB
   181                           fsr2h	equ	0xFDA
   182                           fsr2l	equ	0xFD9
   183                           status	equ	0xFD8


Microchip Technology PIC18 Macro Assembler V2.32 build 20210201212658 
Symbol Table                                                                                               Tue Dec 14 16:50:43 2021

                __S1 0000                 ___sp 0000                 _main FFF6                 start 0000  
              __HRAM 0000                __LRAM 0001               isa$std 000001         __mediumconst 0000  
             stackhi 000E87               stacklo 000060           __accesstop 000060           ___inthi_sp 0000  
         ___intlo_sp 0000              __ramtop 0F00  start_initialization FFFA          __smallconst 0000  
           isa$xinst 000000             intlevel0 0000             intlevel1 0000             intlevel2 0000  
           intlevel3 0000             reset_vec 0000  
